This file contains any messages produced by compilers while
running configure, to aid debugging if configure makes a mistake.

It was created by autodock configure 4.2.6, which was
generated by GNU Autoconf 2.69.  Invocation command line was

  $ ./configure 

## --------- ##
## Platform. ##
## --------- ##

hostname = localhost.localdomain
uname -m = x86_64
uname -r = 3.10.0-693.17.1.el7.x86_64
uname -s = Linux
uname -v = #1 SMP Thu Jan 25 20:13:58 UTC 2018

/usr/bin/uname -p = x86_64
/bin/uname -X     = unknown

/bin/arch              = x86_64
/usr/bin/arch -k       = unknown
/usr/convex/getsysinfo = unknown
/usr/bin/hostinfo      = unknown
/bin/machine           = unknown
/usr/bin/oslevel       = unknown
/bin/universe          = unknown

PATH: /usr/local/sbin
PATH: /usr/local/bin
PATH: /sbin
PATH: /bin
PATH: /usr/sbin
PATH: /usr/bin
PATH: /root/bin


## ----------- ##
## Core tests. ##
## ----------- ##

configure:2356: checking for a BSD-compatible install
configure:2424: result: /bin/install -c
configure:2435: checking whether build environment is sane
configure:2490: result: yes
configure:2641: checking for a thread-safe mkdir -p
configure:2680: result: /bin/mkdir -p
configure:2687: checking for gawk
configure:2703: found /bin/gawk
configure:2714: result: gawk
configure:2725: checking whether make sets $(MAKE)
configure:2747: result: yes
configure:2842: checking for gawk
configure:2869: result: gawk
configure:2941: checking for g++
configure:2957: found /bin/g++
configure:2968: result: g++
configure:2995: checking for C++ compiler version
configure:3004: g++ --version >&5
g++ (GCC) 4.8.5 20150623 (Red Hat 4.8.5-16)
Copyright (C) 2015 Free Software Foundation, Inc.
This is free software; see the source for copying conditions.  There is NO
warranty; not even for MERCHANTABILITY or FITNESS FOR A PARTICULAR PURPOSE.

configure:3015: $? = 0
configure:3004: g++ -v >&5
Using built-in specs.
COLLECT_GCC=g++
COLLECT_LTO_WRAPPER=/usr/libexec/gcc/x86_64-redhat-linux/4.8.5/lto-wrapper
Target: x86_64-redhat-linux
Configured with: ../configure --prefix=/usr --mandir=/usr/share/man --infodir=/usr/share/info --with-bugurl=http://bugzilla.redhat.com/bugzilla --enable-bootstrap --enable-shared --enable-threads=posix --enable-checking=release --with-system-zlib --enable-__cxa_atexit --disable-libunwind-exceptions --enable-gnu-unique-object --enable-linker-build-id --with-linker-hash-style=gnu --enable-languages=c,c++,objc,obj-c++,java,fortran,ada,go,lto --enable-plugin --enable-initfini-array --disable-libgcj --with-isl=/builddir/build/BUILD/gcc-4.8.5-20150702/obj-x86_64-redhat-linux/isl-install --with-cloog=/builddir/build/BUILD/gcc-4.8.5-20150702/obj-x86_64-redhat-linux/cloog-install --enable-gnu-indirect-function --with-tune=generic --with-arch_32=x86-64 --build=x86_64-redhat-linux
Thread model: posix
gcc version 4.8.5 20150623 (Red Hat 4.8.5-16) (GCC) 
configure:3015: $? = 0
configure:3004: g++ -V >&5
g++: error: unrecognized command line option '-V'
g++: fatal error: no input files
compilation terminated.
configure:3015: $? = 4
configure:3004: g++ -qversion >&5
g++: error: unrecognized command line option '-qversion'
g++: fatal error: no input files
compilation terminated.
configure:3015: $? = 4
configure:3035: checking whether the C++ compiler works
configure:3057: g++    conftest.cpp  >&5
configure:3061: $? = 0
configure:3109: result: yes
configure:3112: checking for C++ compiler default output file name
configure:3114: result: a.out
configure:3120: checking for suffix of executables
configure:3127: g++ -o conftest    conftest.cpp  >&5
configure:3131: $? = 0
configure:3153: result: 
configure:3175: checking whether we are cross compiling
configure:3183: g++ -o conftest    conftest.cpp  >&5
configure:3187: $? = 0
configure:3194: ./conftest
configure:3198: $? = 0
configure:3213: result: no
configure:3218: checking for suffix of object files
configure:3240: g++ -c   conftest.cpp >&5
configure:3244: $? = 0
configure:3265: result: o
configure:3269: checking whether we are using the GNU C++ compiler
configure:3288: g++ -c   conftest.cpp >&5
configure:3288: $? = 0
configure:3297: result: yes
configure:3306: checking whether g++ accepts -g
configure:3326: g++ -c -g  conftest.cpp >&5
configure:3326: $? = 0
configure:3367: result: yes
configure:3401: checking for style of include used by make
configure:3429: result: GNU
configure:3455: checking dependency style of g++
configure:3566: result: gcc3
configure:3627: checking for ranlib
configure:3643: found /bin/ranlib
configure:3654: result: ranlib
configure:3681: checking build system type
configure:3695: result: x86_64-unknown-linux-gnu
configure:3715: checking host system type
configure:3728: result: x86_64-unknown-linux-gnu
configure:3798: checking for gcc
configure:3814: found /bin/gcc
configure:3825: result: gcc
configure:4054: checking for C compiler version
configure:4063: gcc --version >&5
gcc (GCC) 4.8.5 20150623 (Red Hat 4.8.5-16)
Copyright (C) 2015 Free Software Foundation, Inc.
This is free software; see the source for copying conditions.  There is NO
warranty; not even for MERCHANTABILITY or FITNESS FOR A PARTICULAR PURPOSE.

configure:4074: $? = 0
configure:4063: gcc -v >&5
Using built-in specs.
COLLECT_GCC=gcc
COLLECT_LTO_WRAPPER=/usr/libexec/gcc/x86_64-redhat-linux/4.8.5/lto-wrapper
Target: x86_64-redhat-linux
Configured with: ../configure --prefix=/usr --mandir=/usr/share/man --infodir=/usr/share/info --with-bugurl=http://bugzilla.redhat.com/bugzilla --enable-bootstrap --enable-shared --enable-threads=posix --enable-checking=release --with-system-zlib --enable-__cxa_atexit --disable-libunwind-exceptions --enable-gnu-unique-object --enable-linker-build-id --with-linker-hash-style=gnu --enable-languages=c,c++,objc,obj-c++,java,fortran,ada,go,lto --enable-plugin --enable-initfini-array --disable-libgcj --with-isl=/builddir/build/BUILD/gcc-4.8.5-20150702/obj-x86_64-redhat-linux/isl-install --with-cloog=/builddir/build/BUILD/gcc-4.8.5-20150702/obj-x86_64-redhat-linux/cloog-install --enable-gnu-indirect-function --with-tune=generic --with-arch_32=x86-64 --build=x86_64-redhat-linux
Thread model: posix
gcc version 4.8.5 20150623 (Red Hat 4.8.5-16) (GCC) 
configure:4074: $? = 0
configure:4063: gcc -V >&5
gcc: error: unrecognized command line option '-V'
gcc: fatal error: no input files
compilation terminated.
configure:4074: $? = 4
configure:4063: gcc -qversion >&5
gcc: error: unrecognized command line option '-qversion'
gcc: fatal error: no input files
compilation terminated.
configure:4074: $? = 4
configure:4078: checking whether we are using the GNU C compiler
configure:4097: gcc -c   conftest.c >&5
configure:4097: $? = 0
configure:4106: result: yes
configure:4115: checking whether gcc accepts -g
configure:4135: gcc -c -g  conftest.c >&5
configure:4135: $? = 0
configure:4176: result: yes
configure:4193: checking for gcc option to accept ISO C89
configure:4256: gcc  -c -g -O2  conftest.c >&5
configure:4256: $? = 0
configure:4269: result: none needed
configure:4291: checking dependency style of gcc
configure:4402: result: gcc3
configure:4423: checking how to run the C preprocessor
configure:4454: gcc -E  conftest.c
configure:4454: $? = 0
configure:4468: gcc -E  conftest.c
conftest.c:11:28: fatal error: ac_nonexistent.h: No such file or directory
 #include <ac_nonexistent.h>
                            ^
compilation terminated.
configure:4468: $? = 1
configure: failed program was:
| /* confdefs.h */
| #define PACKAGE_NAME "autodock"
| #define PACKAGE_TARNAME "autodock"
| #define PACKAGE_VERSION "4.2.6"
| #define PACKAGE_STRING "autodock 4.2.6"
| #define PACKAGE_BUGREPORT "autodock@scripps.edu"
| #define PACKAGE_URL ""
| #define PACKAGE "autodock"
| #define VERSION "4.2.6"
| /* end confdefs.h.  */
| #include <ac_nonexistent.h>
configure:4493: result: gcc -E
configure:4513: gcc -E  conftest.c
configure:4513: $? = 0
configure:4527: gcc -E  conftest.c
conftest.c:11:28: fatal error: ac_nonexistent.h: No such file or directory
 #include <ac_nonexistent.h>
                            ^
compilation terminated.
configure:4527: $? = 1
configure: failed program was:
| /* confdefs.h */
| #define PACKAGE_NAME "autodock"
| #define PACKAGE_TARNAME "autodock"
| #define PACKAGE_VERSION "4.2.6"
| #define PACKAGE_STRING "autodock 4.2.6"
| #define PACKAGE_BUGREPORT "autodock@scripps.edu"
| #define PACKAGE_URL ""
| #define PACKAGE "autodock"
| #define VERSION "4.2.6"
| /* end confdefs.h.  */
| #include <ac_nonexistent.h>
configure:4556: checking for grep that handles long lines and -e
configure:4614: result: /bin/grep
configure:4619: checking for egrep
configure:4681: result: /bin/grep -E
configure:4686: checking for ANSI C header files
configure:4706: gcc -c -g -O2  conftest.c >&5
configure:4706: $? = 0
configure:4779: gcc -o conftest -g -O2   conftest.c  >&5
configure:4779: $? = 0
configure:4779: ./conftest
configure:4779: $? = 0
configure:4790: result: yes
configure:4806: checking for sys/types.h
configure:4806: gcc -c -g -O2  conftest.c >&5
configure:4806: $? = 0
configure:4806: result: yes
configure:4806: checking for sys/stat.h
configure:4806: gcc -c -g -O2  conftest.c >&5
configure:4806: $? = 0
configure:4806: result: yes
configure:4806: checking for stdlib.h
configure:4806: gcc -c -g -O2  conftest.c >&5
configure:4806: $? = 0
configure:4806: result: yes
configure:4806: checking for string.h
configure:4806: gcc -c -g -O2  conftest.c >&5
configure:4806: $? = 0
configure:4806: result: yes
configure:4806: checking for memory.h
configure:4806: gcc -c -g -O2  conftest.c >&5
configure:4806: $? = 0
configure:4806: result: yes
configure:4806: checking for strings.h
configure:4806: gcc -c -g -O2  conftest.c >&5
configure:4806: $? = 0
configure:4806: result: yes
configure:4806: checking for inttypes.h
configure:4806: gcc -c -g -O2  conftest.c >&5
configure:4806: $? = 0
configure:4806: result: yes
configure:4806: checking for stdint.h
configure:4806: gcc -c -g -O2  conftest.c >&5
configure:4806: $? = 0
configure:4806: result: yes
configure:4806: checking for unistd.h
configure:4806: gcc -c -g -O2  conftest.c >&5
configure:4806: $? = 0
configure:4806: result: yes
configure:4818: checking for stdbool.h that conforms to C99
configure:4885: gcc -c -g -O2  conftest.c >&5
configure:4885: $? = 0
configure:4892: result: yes
configure:4894: checking for _Bool
configure:4894: gcc -c -g -O2  conftest.c >&5
configure:4894: $? = 0
configure:4894: gcc -c -g -O2  conftest.c >&5
conftest.c: In function 'main':
conftest.c:57:20: error: expected expression before ')' token
 if (sizeof ((_Bool)))
                    ^
configure:4894: $? = 1
configure: failed program was:
| /* confdefs.h */
| #define PACKAGE_NAME "autodock"
| #define PACKAGE_TARNAME "autodock"
| #define PACKAGE_VERSION "4.2.6"
| #define PACKAGE_STRING "autodock 4.2.6"
| #define PACKAGE_BUGREPORT "autodock@scripps.edu"
| #define PACKAGE_URL ""
| #define PACKAGE "autodock"
| #define VERSION "4.2.6"
| #define STDC_HEADERS 1
| #define HAVE_SYS_TYPES_H 1
| #define HAVE_SYS_STAT_H 1
| #define HAVE_STDLIB_H 1
| #define HAVE_STRING_H 1
| #define HAVE_MEMORY_H 1
| #define HAVE_STRINGS_H 1
| #define HAVE_INTTYPES_H 1
| #define HAVE_STDINT_H 1
| #define HAVE_UNISTD_H 1
| /* end confdefs.h.  */
| #include <stdio.h>
| #ifdef HAVE_SYS_TYPES_H
| # include <sys/types.h>
| #endif
| #ifdef HAVE_SYS_STAT_H
| # include <sys/stat.h>
| #endif
| #ifdef STDC_HEADERS
| # include <stdlib.h>
| # include <stddef.h>
| #else
| # ifdef HAVE_STDLIB_H
| #  include <stdlib.h>
| # endif
| #endif
| #ifdef HAVE_STRING_H
| # if !defined STDC_HEADERS && defined HAVE_MEMORY_H
| #  include <memory.h>
| # endif
| # include <string.h>
| #endif
| #ifdef HAVE_STRINGS_H
| # include <strings.h>
| #endif
| #ifdef HAVE_INTTYPES_H
| # include <inttypes.h>
| #endif
| #ifdef HAVE_STDINT_H
| # include <stdint.h>
| #endif
| #ifdef HAVE_UNISTD_H
| # include <unistd.h>
| #endif
| int
| main ()
| {
| if (sizeof ((_Bool)))
| 	    return 0;
|   ;
|   return 0;
| }
configure:4894: result: yes
configure:4911: checking for an ANSI C-conforming const
configure:4977: gcc -c -g -O2  conftest.c >&5
configure:4977: $? = 0
configure:4984: result: yes
configure:4992: checking for inline
configure:5008: gcc -c -g -O2  conftest.c >&5
configure:5008: $? = 0
configure:5016: result: inline
configure:5034: checking for size_t
configure:5034: gcc -c -g -O2  conftest.c >&5
configure:5034: $? = 0
configure:5034: gcc -c -g -O2  conftest.c >&5
conftest.c: In function 'main':
conftest.c:59:21: error: expected expression before ')' token
 if (sizeof ((size_t)))
                     ^
configure:5034: $? = 1
configure: failed program was:
| /* confdefs.h */
| #define PACKAGE_NAME "autodock"
| #define PACKAGE_TARNAME "autodock"
| #define PACKAGE_VERSION "4.2.6"
| #define PACKAGE_STRING "autodock 4.2.6"
| #define PACKAGE_BUGREPORT "autodock@scripps.edu"
| #define PACKAGE_URL ""
| #define PACKAGE "autodock"
| #define VERSION "4.2.6"
| #define STDC_HEADERS 1
| #define HAVE_SYS_TYPES_H 1
| #define HAVE_SYS_STAT_H 1
| #define HAVE_STDLIB_H 1
| #define HAVE_STRING_H 1
| #define HAVE_MEMORY_H 1
| #define HAVE_STRINGS_H 1
| #define HAVE_INTTYPES_H 1
| #define HAVE_STDINT_H 1
| #define HAVE_UNISTD_H 1
| #define HAVE__BOOL 1
| #define HAVE_STDBOOL_H 1
| /* end confdefs.h.  */
| #include <stdio.h>
| #ifdef HAVE_SYS_TYPES_H
| # include <sys/types.h>
| #endif
| #ifdef HAVE_SYS_STAT_H
| # include <sys/stat.h>
| #endif
| #ifdef STDC_HEADERS
| # include <stdlib.h>
| # include <stddef.h>
| #else
| # ifdef HAVE_STDLIB_H
| #  include <stdlib.h>
| # endif
| #endif
| #ifdef HAVE_STRING_H
| # if !defined STDC_HEADERS && defined HAVE_MEMORY_H
| #  include <memory.h>
| # endif
| # include <string.h>
| #endif
| #ifdef HAVE_STRINGS_H
| # include <strings.h>
| #endif
| #ifdef HAVE_INTTYPES_H
| # include <inttypes.h>
| #endif
| #ifdef HAVE_STDINT_H
| # include <stdint.h>
| #endif
| #ifdef HAVE_UNISTD_H
| # include <unistd.h>
| #endif
| int
| main ()
| {
| if (sizeof ((size_t)))
| 	    return 0;
|   ;
|   return 0;
| }
configure:5034: result: yes
configure:5045: checking whether struct tm is in sys/time.h or time.h
configure:5065: gcc -c -g -O2  conftest.c >&5
configure:5065: $? = 0
configure:5072: result: time.h
configure:5084: checking for stdlib.h
configure:5084: result: yes
configure:5094: checking for GNU libc compatible malloc
configure:5118: gcc -o conftest -g -O2   conftest.c  >&5
configure:5118: $? = 0
configure:5118: ./conftest
configure:5118: $? = 0
configure:5128: result: yes
configure:5159: checking for gethostname
configure:5159: gcc -o conftest -g -O2   conftest.c  >&5
configure:5159: $? = 0
configure:5159: result: yes
configure:5159: checking for getpid
configure:5159: gcc -o conftest -g -O2   conftest.c  >&5
configure:5159: $? = 0
configure:5159: result: yes
configure:5159: checking for GetProcessId
configure:5159: gcc -o conftest -g -O2   conftest.c  >&5
/tmp/ccBVDeyY.o: In function `main':
/home/meteorlc/Bioinformatics/MSautodock/conftest.c:61: undefined reference to `GetProcessId'
collect2: error: ld returned 1 exit status
configure:5159: $? = 1
configure: failed program was:
| /* confdefs.h */
| #define PACKAGE_NAME "autodock"
| #define PACKAGE_TARNAME "autodock"
| #define PACKAGE_VERSION "4.2.6"
| #define PACKAGE_STRING "autodock 4.2.6"
| #define PACKAGE_BUGREPORT "autodock@scripps.edu"
| #define PACKAGE_URL ""
| #define PACKAGE "autodock"
| #define VERSION "4.2.6"
| #define STDC_HEADERS 1
| #define HAVE_SYS_TYPES_H 1
| #define HAVE_SYS_STAT_H 1
| #define HAVE_STDLIB_H 1
| #define HAVE_STRING_H 1
| #define HAVE_MEMORY_H 1
| #define HAVE_STRINGS_H 1
| #define HAVE_INTTYPES_H 1
| #define HAVE_STDINT_H 1
| #define HAVE_UNISTD_H 1
| #define HAVE__BOOL 1
| #define HAVE_STDBOOL_H 1
| #define HAVE_STDLIB_H 1
| #define HAVE_MALLOC 1
| #define HAVE_GETHOSTNAME 1
| #define HAVE_GETPID 1
| /* end confdefs.h.  */
| /* Define GetProcessId to an innocuous variant, in case <limits.h> declares GetProcessId.
|    For example, HP-UX 11i <limits.h> declares gettimeofday.  */
| #define GetProcessId innocuous_GetProcessId
| 
| /* System header to define __stub macros and hopefully few prototypes,
|     which can conflict with char GetProcessId (); below.
|     Prefer <limits.h> to <assert.h> if __STDC__ is defined, since
|     <limits.h> exists even on freestanding compilers.  */
| 
| #ifdef __STDC__
| # include <limits.h>
| #else
| # include <assert.h>
| #endif
| 
| #undef GetProcessId
| 
| /* Override any GCC internal prototype to avoid an error.
|    Use char because int might match the return type of a GCC
|    builtin and then its argument prototype would still apply.  */
| #ifdef __cplusplus
| extern "C"
| #endif
| char GetProcessId ();
| /* The GNU C library defines this for functions which it implements
|     to always fail with ENOSYS.  Some functions are actually named
|     something starting with __ and the normal name is an alias.  */
| #if defined __stub_GetProcessId || defined __stub___GetProcessId
| choke me
| #endif
| 
| int
| main ()
| {
| return GetProcessId ();
|   ;
|   return 0;
| }
configure:5159: result: no
configure:5159: checking for fchmod
configure:5159: gcc -o conftest -g -O2   conftest.c  >&5
configure:5159: $? = 0
configure:5159: result: yes
configure:5159: checking for setlinebuf
configure:5159: gcc -o conftest -g -O2   conftest.c  >&5
configure:5159: $? = 0
configure:5159: result: yes
configure:5159: checking for sysconf
configure:5159: gcc -o conftest -g -O2   conftest.c  >&5
configure:5159: $? = 0
configure:5159: result: yes
configure:5159: checking for times
configure:5159: gcc -o conftest -g -O2   conftest.c  >&5
configure:5159: $? = 0
configure:5159: result: yes
configure:5159: checking for getrusage
configure:5159: gcc -o conftest -g -O2   conftest.c  >&5
configure:5159: $? = 0
configure:5159: result: yes
configure:5159: checking for pow
configure:5159: gcc -o conftest -g -O2   conftest.c  >&5
conftest.c:55:6: warning: conflicting types for built-in function 'pow' [enabled by default]
 char pow ();
      ^
/tmp/ccpIzBzq.o: In function `main':
/home/meteorlc/Bioinformatics/MSautodock/conftest.c:66: undefined reference to `pow'
collect2: error: ld returned 1 exit status
configure:5159: $? = 1
configure: failed program was:
| /* confdefs.h */
| #define PACKAGE_NAME "autodock"
| #define PACKAGE_TARNAME "autodock"
| #define PACKAGE_VERSION "4.2.6"
| #define PACKAGE_STRING "autodock 4.2.6"
| #define PACKAGE_BUGREPORT "autodock@scripps.edu"
| #define PACKAGE_URL ""
| #define PACKAGE "autodock"
| #define VERSION "4.2.6"
| #define STDC_HEADERS 1
| #define HAVE_SYS_TYPES_H 1
| #define HAVE_SYS_STAT_H 1
| #define HAVE_STDLIB_H 1
| #define HAVE_STRING_H 1
| #define HAVE_MEMORY_H 1
| #define HAVE_STRINGS_H 1
| #define HAVE_INTTYPES_H 1
| #define HAVE_STDINT_H 1
| #define HAVE_UNISTD_H 1
| #define HAVE__BOOL 1
| #define HAVE_STDBOOL_H 1
| #define HAVE_STDLIB_H 1
| #define HAVE_MALLOC 1
| #define HAVE_GETHOSTNAME 1
| #define HAVE_GETPID 1
| #define HAVE_FCHMOD 1
| #define HAVE_SETLINEBUF 1
| #define HAVE_SYSCONF 1
| #define HAVE_TIMES 1
| #define HAVE_GETRUSAGE 1
| /* end confdefs.h.  */
| /* Define pow to an innocuous variant, in case <limits.h> declares pow.
|    For example, HP-UX 11i <limits.h> declares gettimeofday.  */
| #define pow innocuous_pow
| 
| /* System header to define __stub macros and hopefully few prototypes,
|     which can conflict with char pow (); below.
|     Prefer <limits.h> to <assert.h> if __STDC__ is defined, since
|     <limits.h> exists even on freestanding compilers.  */
| 
| #ifdef __STDC__
| # include <limits.h>
| #else
| # include <assert.h>
| #endif
| 
| #undef pow
| 
| /* Override any GCC internal prototype to avoid an error.
|    Use char because int might match the return type of a GCC
|    builtin and then its argument prototype would still apply.  */
| #ifdef __cplusplus
| extern "C"
| #endif
| char pow ();
| /* The GNU C library defines this for functions which it implements
|     to always fail with ENOSYS.  Some functions are actually named
|     something starting with __ and the normal name is an alias.  */
| #if defined __stub_pow || defined __stub___pow
| choke me
| #endif
| 
| int
| main ()
| {
| return pow ();
|   ;
|   return 0;
| }
configure:5159: result: no
configure:5159: checking for sqrt
configure:5159: gcc -o conftest -g -O2   conftest.c  >&5
conftest.c:55:6: warning: conflicting types for built-in function 'sqrt' [enabled by default]
 char sqrt ();
      ^
/tmp/ccQQYmNu.o: In function `main':
/home/meteorlc/Bioinformatics/MSautodock/conftest.c:66: undefined reference to `sqrt'
collect2: error: ld returned 1 exit status
configure:5159: $? = 1
configure: failed program was:
| /* confdefs.h */
| #define PACKAGE_NAME "autodock"
| #define PACKAGE_TARNAME "autodock"
| #define PACKAGE_VERSION "4.2.6"
| #define PACKAGE_STRING "autodock 4.2.6"
| #define PACKAGE_BUGREPORT "autodock@scripps.edu"
| #define PACKAGE_URL ""
| #define PACKAGE "autodock"
| #define VERSION "4.2.6"
| #define STDC_HEADERS 1
| #define HAVE_SYS_TYPES_H 1
| #define HAVE_SYS_STAT_H 1
| #define HAVE_STDLIB_H 1
| #define HAVE_STRING_H 1
| #define HAVE_MEMORY_H 1
| #define HAVE_STRINGS_H 1
| #define HAVE_INTTYPES_H 1
| #define HAVE_STDINT_H 1
| #define HAVE_UNISTD_H 1
| #define HAVE__BOOL 1
| #define HAVE_STDBOOL_H 1
| #define HAVE_STDLIB_H 1
| #define HAVE_MALLOC 1
| #define HAVE_GETHOSTNAME 1
| #define HAVE_GETPID 1
| #define HAVE_FCHMOD 1
| #define HAVE_SETLINEBUF 1
| #define HAVE_SYSCONF 1
| #define HAVE_TIMES 1
| #define HAVE_GETRUSAGE 1
| /* end confdefs.h.  */
| /* Define sqrt to an innocuous variant, in case <limits.h> declares sqrt.
|    For example, HP-UX 11i <limits.h> declares gettimeofday.  */
| #define sqrt innocuous_sqrt
| 
| /* System header to define __stub macros and hopefully few prototypes,
|     which can conflict with char sqrt (); below.
|     Prefer <limits.h> to <assert.h> if __STDC__ is defined, since
|     <limits.h> exists even on freestanding compilers.  */
| 
| #ifdef __STDC__
| # include <limits.h>
| #else
| # include <assert.h>
| #endif
| 
| #undef sqrt
| 
| /* Override any GCC internal prototype to avoid an error.
|    Use char because int might match the return type of a GCC
|    builtin and then its argument prototype would still apply.  */
| #ifdef __cplusplus
| extern "C"
| #endif
| char sqrt ();
| /* The GNU C library defines this for functions which it implements
|     to always fail with ENOSYS.  Some functions are actually named
|     something starting with __ and the normal name is an alias.  */
| #if defined __stub_sqrt || defined __stub___sqrt
| choke me
| #endif
| 
| int
| main ()
| {
| return sqrt ();
|   ;
|   return 0;
| }
configure:5159: result: no
configure:5159: checking for strncasecmp
configure:5159: gcc -o conftest -g -O2   conftest.c  >&5
conftest.c:55:6: warning: conflicting types for built-in function 'strncasecmp' [enabled by default]
 char strncasecmp ();
      ^
configure:5159: $? = 0
configure:5159: result: yes
configure:5303: checking for C++ compiler version
configure:5312: g++ --version >&5
g++ (GCC) 4.8.5 20150623 (Red Hat 4.8.5-16)
Copyright (C) 2015 Free Software Foundation, Inc.
This is free software; see the source for copying conditions.  There is NO
warranty; not even for MERCHANTABILITY or FITNESS FOR A PARTICULAR PURPOSE.

configure:5323: $? = 0
configure:5312: g++ -v >&5
Using built-in specs.
COLLECT_GCC=g++
COLLECT_LTO_WRAPPER=/usr/libexec/gcc/x86_64-redhat-linux/4.8.5/lto-wrapper
Target: x86_64-redhat-linux
Configured with: ../configure --prefix=/usr --mandir=/usr/share/man --infodir=/usr/share/info --with-bugurl=http://bugzilla.redhat.com/bugzilla --enable-bootstrap --enable-shared --enable-threads=posix --enable-checking=release --with-system-zlib --enable-__cxa_atexit --disable-libunwind-exceptions --enable-gnu-unique-object --enable-linker-build-id --with-linker-hash-style=gnu --enable-languages=c,c++,objc,obj-c++,java,fortran,ada,go,lto --enable-plugin --enable-initfini-array --disable-libgcj --with-isl=/builddir/build/BUILD/gcc-4.8.5-20150702/obj-x86_64-redhat-linux/isl-install --with-cloog=/builddir/build/BUILD/gcc-4.8.5-20150702/obj-x86_64-redhat-linux/cloog-install --enable-gnu-indirect-function --with-tune=generic --with-arch_32=x86-64 --build=x86_64-redhat-linux
Thread model: posix
gcc version 4.8.5 20150623 (Red Hat 4.8.5-16) (GCC) 
configure:5323: $? = 0
configure:5312: g++ -V >&5
g++: error: unrecognized command line option '-V'
g++: fatal error: no input files
compilation terminated.
configure:5323: $? = 4
configure:5312: g++ -qversion >&5
g++: error: unrecognized command line option '-qversion'
g++: fatal error: no input files
compilation terminated.
configure:5323: $? = 4
configure:5327: checking whether we are using the GNU C++ compiler
configure:5355: result: yes
configure:5364: checking whether g++ accepts -g
configure:5425: result: yes
configure:5450: checking dependency style of g++
configure:5561: result: gcc3
configure:5585: checking for g++ option to support OpenMP
configure:5600: g++ -o conftest    conftest.cpp  >&5
conftest.cpp:35:2: error: 'choke' does not name a type
  choke me
  ^
In file included from conftest.cpp:37:0:
/usr/lib/gcc/x86_64-redhat-linux/4.8.5/include/omp.h:38:3: error: 'omp_lock_t' does not name a type
 } omp_lock_t;
   ^
/usr/lib/gcc/x86_64-redhat-linux/4.8.5/include/omp.h:76:28: error: variable or field 'omp_init_lock' declared void
 extern void omp_init_lock (omp_lock_t *) __GOMP_NOTHROW;
                            ^
/usr/lib/gcc/x86_64-redhat-linux/4.8.5/include/omp.h:76:28: error: 'omp_lock_t' was not declared in this scope
/usr/lib/gcc/x86_64-redhat-linux/4.8.5/include/omp.h:76:40: error: expected primary-expression before ')' token
 extern void omp_init_lock (omp_lock_t *) __GOMP_NOTHROW;
                                        ^
/usr/lib/gcc/x86_64-redhat-linux/4.8.5/include/omp.h:77:31: error: variable or field 'omp_destroy_lock' declared void
 extern void omp_destroy_lock (omp_lock_t *) __GOMP_NOTHROW;
                               ^
/usr/lib/gcc/x86_64-redhat-linux/4.8.5/include/omp.h:77:31: error: 'omp_lock_t' was not declared in this scope
/usr/lib/gcc/x86_64-redhat-linux/4.8.5/include/omp.h:77:43: error: expected primary-expression before ')' token
 extern void omp_destroy_lock (omp_lock_t *) __GOMP_NOTHROW;
                                           ^
/usr/lib/gcc/x86_64-redhat-linux/4.8.5/include/omp.h:78:27: error: variable or field 'omp_set_lock' declared void
 extern void omp_set_lock (omp_lock_t *) __GOMP_NOTHROW;
                           ^
/usr/lib/gcc/x86_64-redhat-linux/4.8.5/include/omp.h:78:27: error: 'omp_lock_t' was not declared in this scope
/usr/lib/gcc/x86_64-redhat-linux/4.8.5/include/omp.h:78:39: error: expected primary-expression before ')' token
 extern void omp_set_lock (omp_lock_t *) __GOMP_NOTHROW;
                                       ^
/usr/lib/gcc/x86_64-redhat-linux/4.8.5/include/omp.h:79:29: error: variable or field 'omp_unset_lock' declared void
 extern void omp_unset_lock (omp_lock_t *) __GOMP_NOTHROW;
                             ^
/usr/lib/gcc/x86_64-redhat-linux/4.8.5/include/omp.h:79:29: error: 'omp_lock_t' was not declared in this scope
/usr/lib/gcc/x86_64-redhat-linux/4.8.5/include/omp.h:79:41: error: expected primary-expression before ')' token
 extern void omp_unset_lock (omp_lock_t *) __GOMP_NOTHROW;
                                         ^
/usr/lib/gcc/x86_64-redhat-linux/4.8.5/include/omp.h:80:27: error: 'omp_lock_t' was not declared in this scope
 extern int omp_test_lock (omp_lock_t *) __GOMP_NOTHROW;
                           ^
/usr/lib/gcc/x86_64-redhat-linux/4.8.5/include/omp.h:80:39: error: expected primary-expression before ')' token
 extern int omp_test_lock (omp_lock_t *) __GOMP_NOTHROW;
                                       ^
/usr/lib/gcc/x86_64-redhat-linux/4.8.5/include/omp.h:80:41: error: expected ',' or ';' before 'throw'
 extern int omp_test_lock (omp_lock_t *) __GOMP_NOTHROW;
                                         ^
configure:5600: $? = 1
configure: failed program was:
| /* confdefs.h */
| #define PACKAGE_NAME "autodock"
| #define PACKAGE_TARNAME "autodock"
| #define PACKAGE_VERSION "4.2.6"
| #define PACKAGE_STRING "autodock 4.2.6"
| #define PACKAGE_BUGREPORT "autodock@scripps.edu"
| #define PACKAGE_URL ""
| #define PACKAGE "autodock"
| #define VERSION "4.2.6"
| #define STDC_HEADERS 1
| #define HAVE_SYS_TYPES_H 1
| #define HAVE_SYS_STAT_H 1
| #define HAVE_STDLIB_H 1
| #define HAVE_STRING_H 1
| #define HAVE_MEMORY_H 1
| #define HAVE_STRINGS_H 1
| #define HAVE_INTTYPES_H 1
| #define HAVE_STDINT_H 1
| #define HAVE_UNISTD_H 1
| #define HAVE__BOOL 1
| #define HAVE_STDBOOL_H 1
| #define HAVE_STDLIB_H 1
| #define HAVE_MALLOC 1
| #define HAVE_GETHOSTNAME 1
| #define HAVE_GETPID 1
| #define HAVE_FCHMOD 1
| #define HAVE_SETLINEBUF 1
| #define HAVE_SYSCONF 1
| #define HAVE_TIMES 1
| #define HAVE_GETRUSAGE 1
| #define HAVE_STRNCASECMP 1
| /* end confdefs.h.  */
| 
| #ifndef _OPENMP
|  choke me
| #endif
| #include <omp.h>
| int main () { return omp_get_num_threads (); }
| 
configure:5618: g++ -o conftest  -fopenmp   conftest.cpp  >&5
configure:5618: $? = 0
configure:5632: result: -fopenmp
configure:5806: checking that generated files are newer than configure
configure:5812: result: done
configure:5851: creating ./config.status

## ---------------------- ##
## Running config.status. ##
## ---------------------- ##

This file was extended by autodock config.status 4.2.6, which was
generated by GNU Autoconf 2.69.  Invocation command line was

  CONFIG_FILES    = 
  CONFIG_HEADERS  = 
  CONFIG_LINKS    = 
  CONFIG_COMMANDS = 
  $ ./config.status 

on localhost.localdomain

config.status:794: creating Makefile
config.status:966: executing depfiles commands

## ---------------- ##
## Cache variables. ##
## ---------------- ##

ac_cv_build=x86_64-unknown-linux-gnu
ac_cv_c_compiler_gnu=yes
ac_cv_c_const=yes
ac_cv_c_inline=inline
ac_cv_cxx_compiler_gnu=yes
ac_cv_env_CCC_set=
ac_cv_env_CCC_value=
ac_cv_env_CC_set=
ac_cv_env_CC_value=
ac_cv_env_CFLAGS_set=
ac_cv_env_CFLAGS_value=
ac_cv_env_CPPFLAGS_set=
ac_cv_env_CPPFLAGS_value=
ac_cv_env_CPP_set=
ac_cv_env_CPP_value=
ac_cv_env_CXXFLAGS_set=
ac_cv_env_CXXFLAGS_value=
ac_cv_env_CXX_set=
ac_cv_env_CXX_value=
ac_cv_env_LDFLAGS_set=
ac_cv_env_LDFLAGS_value=
ac_cv_env_LIBS_set=
ac_cv_env_LIBS_value=
ac_cv_env_build_alias_set=
ac_cv_env_build_alias_value=
ac_cv_env_host_alias_set=
ac_cv_env_host_alias_value=
ac_cv_env_target_alias_set=
ac_cv_env_target_alias_value=
ac_cv_func_GetProcessId=no
ac_cv_func_fchmod=yes
ac_cv_func_gethostname=yes
ac_cv_func_getpid=yes
ac_cv_func_getrusage=yes
ac_cv_func_malloc_0_nonnull=yes
ac_cv_func_pow=no
ac_cv_func_setlinebuf=yes
ac_cv_func_sqrt=no
ac_cv_func_strncasecmp=yes
ac_cv_func_sysconf=yes
ac_cv_func_times=yes
ac_cv_header_inttypes_h=yes
ac_cv_header_memory_h=yes
ac_cv_header_stdbool_h=yes
ac_cv_header_stdc=yes
ac_cv_header_stdint_h=yes
ac_cv_header_stdlib_h=yes
ac_cv_header_string_h=yes
ac_cv_header_strings_h=yes
ac_cv_header_sys_stat_h=yes
ac_cv_header_sys_types_h=yes
ac_cv_header_unistd_h=yes
ac_cv_host=x86_64-unknown-linux-gnu
ac_cv_objext=o
ac_cv_path_EGREP='/bin/grep -E'
ac_cv_path_GREP=/bin/grep
ac_cv_path_install='/bin/install -c'
ac_cv_path_mkdir=/bin/mkdir
ac_cv_prog_AWK=gawk
ac_cv_prog_CPP='gcc -E'
ac_cv_prog_ac_ct_CC=gcc
ac_cv_prog_ac_ct_CXX=g++
ac_cv_prog_ac_ct_RANLIB=ranlib
ac_cv_prog_cc_c89=
ac_cv_prog_cc_g=yes
ac_cv_prog_cxx_g=yes
ac_cv_prog_cxx_openmp=-fopenmp
ac_cv_prog_make_make_set=yes
ac_cv_struct_tm=time.h
ac_cv_type__Bool=yes
ac_cv_type_size_t=yes
am_cv_CC_dependencies_compiler_type=gcc3
am_cv_CXX_dependencies_compiler_type=gcc3

## ----------------- ##
## Output variables. ##
## ----------------- ##

ACLOCAL='${SHELL} /home/meteorlc/Bioinformatics/MSautodock/missing --run aclocal-1.12'
AMDEPBACKSLASH='\'
AMDEP_FALSE='#'
AMDEP_TRUE=''
AMTAR='$${TAR-tar}'
AUTOCONF='${SHELL} /home/meteorlc/Bioinformatics/MSautodock/missing --run autoconf'
AUTOHEADER='${SHELL} /home/meteorlc/Bioinformatics/MSautodock/missing --run autoheader'
AUTOMAKE='${SHELL} /home/meteorlc/Bioinformatics/MSautodock/missing --run automake-1.12'
AWK='gawk'
CC='gcc'
CCDEPMODE='depmode=gcc3'
CFLAGS='-g -O2'
CPP='gcc -E'
CPPFLAGS=''
CXX='g++'
CXXDEPMODE='depmode=gcc3'
CXXFLAGS=''
CYGPATH_W='echo'
DEFS='-DPACKAGE_NAME=\"autodock\" -DPACKAGE_TARNAME=\"autodock\" -DPACKAGE_VERSION=\"4.2.6\" -DPACKAGE_STRING=\"autodock\ 4.2.6\" -DPACKAGE_BUGREPORT=\"autodock@scripps.edu\" -DPACKAGE_URL=\"\" -DPACKAGE=\"autodock\" -DVERSION=\"4.2.6\" -DSTDC_HEADERS=1 -DHAVE_SYS_TYPES_H=1 -DHAVE_SYS_STAT_H=1 -DHAVE_STDLIB_H=1 -DHAVE_STRING_H=1 -DHAVE_MEMORY_H=1 -DHAVE_STRINGS_H=1 -DHAVE_INTTYPES_H=1 -DHAVE_STDINT_H=1 -DHAVE_UNISTD_H=1 -DHAVE__BOOL=1 -DHAVE_STDBOOL_H=1 -DHAVE_STDLIB_H=1 -DHAVE_MALLOC=1 -DHAVE_GETHOSTNAME=1 -DHAVE_GETPID=1 -DHAVE_FCHMOD=1 -DHAVE_SETLINEBUF=1 -DHAVE_SYSCONF=1 -DHAVE_TIMES=1 -DHAVE_GETRUSAGE=1 -DHAVE_STRNCASECMP=1'
DEPDIR='.deps'
ECHO_C=''
ECHO_N='-n'
ECHO_T=''
EGREP='/bin/grep -E'
EXEEXT=''
GREP='/bin/grep'
INSTALL_DATA='${INSTALL} -m 644'
INSTALL_PROGRAM='${INSTALL}'
INSTALL_SCRIPT='${INSTALL}'
INSTALL_STRIP_PROGRAM='$(install_sh) -c -s'
LDFLAGS=''
LIBOBJS=''
LIBS=''
LTLIBOBJS=''
MAKEINFO='${SHELL} /home/meteorlc/Bioinformatics/MSautodock/missing --run makeinfo'
MKDIR_P='/bin/mkdir -p'
OBJEXT='o'
OPENMP_CXXFLAGS='-fopenmp'
PACKAGE='autodock'
PACKAGE_BUGREPORT='autodock@scripps.edu'
PACKAGE_NAME='autodock'
PACKAGE_STRING='autodock 4.2.6'
PACKAGE_TARNAME='autodock'
PACKAGE_URL=''
PACKAGE_VERSION='4.2.6'
PATH_SEPARATOR=':'
RANLIB='ranlib'
SET_MAKE=''
SHELL='/bin/sh'
STRIP=''
VERSION='4.2.6'
WANT_BIGSTACK_FALSE=''
WANT_BIGSTACK_TRUE='#'
WANT_OMP_FALSE='#'
WANT_OMP_TRUE=''
ac_ct_CC='gcc'
ac_ct_CXX='g++'
am__EXEEXT_FALSE=''
am__EXEEXT_TRUE='#'
am__fastdepCC_FALSE='#'
am__fastdepCC_TRUE=''
am__fastdepCXX_FALSE='#'
am__fastdepCXX_TRUE=''
am__include='include'
am__isrc=''
am__leading_dot='.'
am__nodep='_no'
am__quote=''
am__tar='$${TAR-tar} chof - "$$tardir"'
am__untar='$${TAR-tar} xf -'
bindir='${exec_prefix}/bin'
build='x86_64-unknown-linux-gnu'
build_alias=''
build_cpu='x86_64'
build_os='linux-gnu'
build_vendor='unknown'
datadir='${datarootdir}'
datarootdir='${prefix}/share'
docdir='${datarootdir}/doc/${PACKAGE_TARNAME}'
dvidir='${docdir}'
exec_prefix='${prefix}'
host='x86_64-unknown-linux-gnu'
host_alias=''
host_cpu='x86_64'
host_os='linux-gnu'
host_vendor='unknown'
htmldir='${docdir}'
includedir='${prefix}/include'
infodir='${datarootdir}/info'
install_sh='${SHELL} /home/meteorlc/Bioinformatics/MSautodock/install-sh'
libdir='${exec_prefix}/lib'
libexecdir='${exec_prefix}/libexec'
localedir='${datarootdir}/locale'
localstatedir='${prefix}/var'
mandir='${datarootdir}/man'
mkdir_p='$(MKDIR_P)'
oldincludedir='/usr/include'
pdfdir='${docdir}'
prefix='/usr/local'
program_transform_name='s,x,x,'
psdir='${docdir}'
sbindir='${exec_prefix}/sbin'
sharedstatedir='${prefix}/com'
sysconfdir='${prefix}/etc'
target_alias=''

## ----------- ##
## confdefs.h. ##
## ----------- ##

/* confdefs.h */
#define PACKAGE_NAME "autodock"
#define PACKAGE_TARNAME "autodock"
#define PACKAGE_VERSION "4.2.6"
#define PACKAGE_STRING "autodock 4.2.6"
#define PACKAGE_BUGREPORT "autodock@scripps.edu"
#define PACKAGE_URL ""
#define PACKAGE "autodock"
#define VERSION "4.2.6"
#define STDC_HEADERS 1
#define HAVE_SYS_TYPES_H 1
#define HAVE_SYS_STAT_H 1
#define HAVE_STDLIB_H 1
#define HAVE_STRING_H 1
#define HAVE_MEMORY_H 1
#define HAVE_STRINGS_H 1
#define HAVE_INTTYPES_H 1
#define HAVE_STDINT_H 1
#define HAVE_UNISTD_H 1
#define HAVE__BOOL 1
#define HAVE_STDBOOL_H 1
#define HAVE_STDLIB_H 1
#define HAVE_MALLOC 1
#define HAVE_GETHOSTNAME 1
#define HAVE_GETPID 1
#define HAVE_FCHMOD 1
#define HAVE_SETLINEBUF 1
#define HAVE_SYSCONF 1
#define HAVE_TIMES 1
#define HAVE_GETRUSAGE 1
#define HAVE_STRNCASECMP 1

configure: exit 0

## ---------------------- ##
## Running config.status. ##
## ---------------------- ##

This file was extended by autodock config.status 4.2.6, which was
generated by GNU Autoconf 2.69.  Invocation command line was

  CONFIG_FILES    = 
  CONFIG_HEADERS  = 
  CONFIG_LINKS    = 
  CONFIG_COMMANDS = 
  $ ./config.status 

on localhost.localdomain

config.status:794: creating Makefile
config.status:966: executing depfiles commands

## ---------------------- ##
## Running config.status. ##
## ---------------------- ##

This file was extended by autodock config.status 4.2.6, which was
generated by GNU Autoconf 2.69.  Invocation command line was

  CONFIG_FILES    = 
  CONFIG_HEADERS  = 
  CONFIG_LINKS    = 
  CONFIG_COMMANDS = 
  $ ./config.status 

on amax

config.status:: creating Makefile
config.status:: executing depfiles commands
